<?xml version="1.0" encoding="UTF-8"?>
<testsuite xmlns:xsi="http://www.w3.org/2001/XMLSchema-instance" xsi:noNamespaceSchemaLocation="https://maven.apache.org/surefire/maven-surefire-plugin/xsd/surefire-test-report.xsd" version="3.0.1" name="com.kfisk.HTTPEndpointTest" time="5.715" tests="4" errors="0" skipped="0" failures="0">
  <properties>
[...]
</properties>
  <testcase name="testGetAllTasks" classname="com.kfisk.HTTPEndpointTest" time="0.446">
    <system-err><![CDATA[[main] INFO org.testcontainers.images.PullPolicy - Image pull policy will be performed by: DefaultPullPolicy()
[main] INFO org.testcontainers.utility.ImageNameSubstitutor - Image name substitution will be performed by: DefaultImageNameSubstitutor (composite of 'ConfigurationFileImageNameSubstitutor' and 'PrefixingImageNameSubstitutor')
[main] INFO org.testcontainers.DockerClientFactory - Testcontainers version: 1.20.1
[main] INFO org.testcontainers.dockerclient.DockerClientProviderStrategy - Loaded org.testcontainers.dockerclient.UnixSocketClientProviderStrategy from ~/.testcontainers.properties, will try it first
[main] INFO org.testcontainers.dockerclient.DockerClientProviderStrategy - Found Docker environment with local Unix socket (unix:///var/run/docker.sock)
[main] INFO org.testcontainers.DockerClientFactory - Docker host IP address is localhost
[main] INFO org.testcontainers.DockerClientFactory - Connected to docker: 
  Server Version: 28.3.3
  API Version: 1.51
  Operating System: Arch Linux
  Total Memory: 31987 MB
[main] INFO tc.testcontainers/ryuk:0.8.1 - Creating container for image: testcontainers/ryuk:0.8.1
[main] INFO tc.testcontainers/ryuk:0.8.1 - Container testcontainers/ryuk:0.8.1 is starting: 0cfc845626a4e1692369e9c75428accb6d882378ebe06a76774798dc9b0da150
[main] INFO tc.testcontainers/ryuk:0.8.1 - Container testcontainers/ryuk:0.8.1 started in PT0.777928538S
[main] INFO org.testcontainers.utility.RyukResourceReaper - Ryuk started - will monitor and terminate Testcontainers containers on JVM exit
[main] INFO org.testcontainers.DockerClientFactory - Checking the system...
[main] INFO org.testcontainers.DockerClientFactory - ✔︎ Docker server version should be at least 1.6.0
[main] INFO tc.taskmanageapi:test - Creating container for image: taskmanageapi:test
[main] INFO tc.taskmanageapi:test - Container taskmanageapi:test is starting: ea2c058c85dba58cbc46a47bba424bbbc8d989fdb7c1a72b1ac2317dab4d89ce
[main] INFO tc.taskmanageapi:test - Container taskmanageapi:test started in PT1.321459597S
]]></system-err>
  </testcase>
  <testcase name="testSetTaskComplete" classname="com.kfisk.HTTPEndpointTest" time="0.103"/>
  <testcase name="testCreateTask" classname="com.kfisk.HTTPEndpointTest" time="0.047"/>
  <testcase name="testDeleteTask" classname="com.kfisk.HTTPEndpointTest" time="0.02"/>
</testsuite>